<?xml version="1.0" encoding="UTF-8"?>
<!-- Generated by org.testng.reporters.JUnitXMLReporter -->
<testsuite hostname="TASSU" name="ExpediaTest" tests="9" failures="2" timestamp="12 Nov 2015 22:22:15 GMT" time="366.999" errors="0">
  <testcase name="flightRoundTrip" time="20.04" classname="com.expedia.selenium.ExpediaMavenTest.TS001_TC001_VerifyRoundTrip"/>
  <testcase name="flightRoundTripWtPrefAirlines" time="43.42" classname="com.expedia.selenium.ExpediaMavenTest.TS001_TC002_VerifyRoundTripWtPreferredAirlines">
    <failure type="org.openqa.selenium.NoSuchElementException" message="Unable to locate element: {&amp;quot;method&amp;quot;:&amp;quot;xpath&amp;quot;,&amp;quot;selector&amp;quot;:&amp;quot;//select[@id=&amp;apos;flight-advanced-preferred-airline&amp;apos;]&amp;quot;}
Command duration or timeout: 30.13 seconds
For documentation on this error, please visit: http://seleniumhq.org/exceptions/no_such_element.html
Build info: version: &amp;apos;2.47.1&amp;apos;, revision: &amp;apos;unknown&amp;apos;, time: &amp;apos;2015-07-30 11:02:44&amp;apos;
System info: host: &amp;apos;TASSU&amp;apos;, ip: &amp;apos;192.168.150.1&amp;apos;, os.name: &amp;apos;Windows 7&amp;apos;, os.arch: &amp;apos;amd64&amp;apos;, os.version: &amp;apos;6.1&amp;apos;, java.version: &amp;apos;1.8.0_40&amp;apos;
Driver info: org.openqa.selenium.firefox.FirefoxDriver
Capabilities [{applicationCacheEnabled=true, rotatable=false, handlesAlerts=true, databaseEnabled=true, version=42.0, platform=WINDOWS, nativeEvents=false, acceptSslCerts=true, webStorageEnabled=true, locationContextEnabled=true, browserName=firefox, takesScreenshot=true, javascriptEnabled=true, cssSelectorsEnabled=true}]
Session ID: 4589a1df-9f0d-45e7-b4dd-47c10bb1c35c
*** Element info: {Using=xpath, value=//select[@id=&amp;apos;flight-advanced-preferred-airline&amp;apos;]}">
      <![CDATA[org.openqa.selenium.NoSuchElementException: Unable to locate element: {"method":"xpath","selector":"//select[@id='flight-advanced-preferred-airline']"}
Command duration or timeout: 30.13 seconds
For documentation on this error, please visit: http://seleniumhq.org/exceptions/no_such_element.html
Build info: version: '2.47.1', revision: 'unknown', time: '2015-07-30 11:02:44'
System info: host: 'TASSU', ip: '192.168.150.1', os.name: 'Windows 7', os.arch: 'amd64', os.version: '6.1', java.version: '1.8.0_40'
Driver info: org.openqa.selenium.firefox.FirefoxDriver
Capabilities [{applicationCacheEnabled=true, rotatable=false, handlesAlerts=true, databaseEnabled=true, version=42.0, platform=WINDOWS, nativeEvents=false, acceptSslCerts=true, webStorageEnabled=true, locationContextEnabled=true, browserName=firefox, takesScreenshot=true, javascriptEnabled=true, cssSelectorsEnabled=true}]
Session ID: 4589a1df-9f0d-45e7-b4dd-47c10bb1c35c
*** Element info: {Using=xpath, value=//select[@id='flight-advanced-preferred-airline']}
	at org.openqa.selenium.remote.ErrorHandler.createThrowable(ErrorHandler.java:206)
	at org.openqa.selenium.remote.ErrorHandler.throwIfResponseFailed(ErrorHandler.java:158)
	at org.openqa.selenium.remote.RemoteWebDriver.execute(RemoteWebDriver.java:595)
	at org.openqa.selenium.remote.RemoteWebDriver.findElement(RemoteWebDriver.java:348)
	at org.openqa.selenium.remote.RemoteWebDriver.findElementByXPath(RemoteWebDriver.java:445)
	at org.openqa.selenium.By$ByXPath.findElement(By.java:358)
	at org.openqa.selenium.remote.RemoteWebDriver.findElement(RemoteWebDriver.java:340)
	at com.expedia.selenium.ExpediaMavenTest.utilities.AbstractTest.getElement(AbstractTest.java:95)
	at com.expedia.selenium.ExpediaMavenTest.utilities.BasePage.selectDropDown(BasePage.java:181)
	at com.expedia.selenium.ExpediaMavenTest.pages.HomeScreen.selectPreferredAirlineDropdown(HomeScreen.java:149)
	at com.expedia.selenium.ExpediaMavenTest.TS001_TC002_VerifyRoundTripWtPreferredAirlines.flightRoundTripWtPrefAirlines(TS001_TC002_VerifyRoundTripWtPreferredAirlines.java:32)
Caused by: org.openqa.selenium.NoSuchElementException: Unable to locate element: {"method":"xpath","selector":"//select[@id='flight-advanced-preferred-airline']"}
For documentation on this error, please visit: http://seleniumhq.org/exceptions/no_such_element.html
Build info: version: '2.47.1', revision: 'unknown', time: '2015-07-30 11:02:44'
System info: host: 'TASSU', ip: '192.168.150.1', os.name: 'Windows 7', os.arch: 'amd64', os.version: '6.1', java.version: '1.8.0_40'
Driver info: driver.version: unknown
	at <anonymous class>.FirefoxDriver.prototype.findElementInternal_(file:///C:/Users/hkabir/AppData/Local/Temp/anonymous8827039008510123313webdriver-profile/extensions/fxdriver@googlecode.com/components/driver-component.js:10667)
	at <anonymous class>.fxdriver.Timer.prototype.setTimeout/<.notify(file:///C:/Users/hkabir/AppData/Local/Temp/anonymous8827039008510123313webdriver-profile/extensions/fxdriver@googlecode.com/components/driver-component.js:623)
... Removed 28 stack frames]]>
    </failure>
  </testcase> <!-- flightRoundTripWtPrefAirlines -->
  <testcase name="flightRoundTripWtAddingHotel" time="58.522" classname="com.expedia.selenium.ExpediaMavenTest.TS001_TC003_VerifyRoundtripFlightWtAddingHotel"/>
  <testcase name="flightRoundTripWtAddingCar" time="8.204" classname="com.expedia.selenium.ExpediaMavenTest.TS001_TC004_VerifyRoundtripFlightWtAddingCar"/>
  <testcase name="flightRoundTripWtAutoCompleteText" time="31.801" classname="com.expedia.selenium.ExpediaMavenTest.TS001_TC005_VerifyRoundtripWtAutoCompleteText">
    <failure type="org.openqa.selenium.NoSuchElementException" message="Unable to locate element: {&amp;quot;method&amp;quot;:&amp;quot;xpath&amp;quot;,&amp;quot;selector&amp;quot;:&amp;quot;//*[@id=&amp;apos;typeahead-list&amp;apos;]&amp;quot;}
Command duration or timeout: 30.06 seconds
For documentation on this error, please visit: http://seleniumhq.org/exceptions/no_such_element.html
Build info: version: &amp;apos;2.47.1&amp;apos;, revision: &amp;apos;unknown&amp;apos;, time: &amp;apos;2015-07-30 11:02:44&amp;apos;
System info: host: &amp;apos;TASSU&amp;apos;, ip: &amp;apos;192.168.150.1&amp;apos;, os.name: &amp;apos;Windows 7&amp;apos;, os.arch: &amp;apos;amd64&amp;apos;, os.version: &amp;apos;6.1&amp;apos;, java.version: &amp;apos;1.8.0_40&amp;apos;
Driver info: org.openqa.selenium.firefox.FirefoxDriver
Capabilities [{applicationCacheEnabled=true, rotatable=false, handlesAlerts=true, databaseEnabled=true, version=42.0, platform=WINDOWS, nativeEvents=false, acceptSslCerts=true, webStorageEnabled=true, locationContextEnabled=true, browserName=firefox, takesScreenshot=true, javascriptEnabled=true, cssSelectorsEnabled=true}]
Session ID: 4589a1df-9f0d-45e7-b4dd-47c10bb1c35c
*** Element info: {Using=xpath, value=//*[@id=&amp;apos;typeahead-list&amp;apos;]}">
      <![CDATA[org.openqa.selenium.NoSuchElementException: Unable to locate element: {"method":"xpath","selector":"//*[@id='typeahead-list']"}
Command duration or timeout: 30.06 seconds
For documentation on this error, please visit: http://seleniumhq.org/exceptions/no_such_element.html
Build info: version: '2.47.1', revision: 'unknown', time: '2015-07-30 11:02:44'
System info: host: 'TASSU', ip: '192.168.150.1', os.name: 'Windows 7', os.arch: 'amd64', os.version: '6.1', java.version: '1.8.0_40'
Driver info: org.openqa.selenium.firefox.FirefoxDriver
Capabilities [{applicationCacheEnabled=true, rotatable=false, handlesAlerts=true, databaseEnabled=true, version=42.0, platform=WINDOWS, nativeEvents=false, acceptSslCerts=true, webStorageEnabled=true, locationContextEnabled=true, browserName=firefox, takesScreenshot=true, javascriptEnabled=true, cssSelectorsEnabled=true}]
Session ID: 4589a1df-9f0d-45e7-b4dd-47c10bb1c35c
*** Element info: {Using=xpath, value=//*[@id='typeahead-list']}
	at org.openqa.selenium.remote.ErrorHandler.createThrowable(ErrorHandler.java:206)
	at org.openqa.selenium.remote.ErrorHandler.throwIfResponseFailed(ErrorHandler.java:158)
	at org.openqa.selenium.remote.RemoteWebDriver.execute(RemoteWebDriver.java:595)
	at org.openqa.selenium.remote.RemoteWebDriver.findElement(RemoteWebDriver.java:348)
	at org.openqa.selenium.remote.RemoteWebDriver.findElementByXPath(RemoteWebDriver.java:445)
	at org.openqa.selenium.By$ByXPath.findElement(By.java:358)
	at org.openqa.selenium.remote.RemoteWebDriver.findElement(RemoteWebDriver.java:340)
	at com.expedia.selenium.ExpediaMavenTest.utilities.AbstractTest.getElement(AbstractTest.java:95)
	at com.expedia.selenium.ExpediaMavenTest.utilities.BasePage.autoCompleteText(BasePage.java:93)
	at com.expedia.selenium.ExpediaMavenTest.pages.HomeScreen.autoCompleteFlyingFromTextField(HomeScreen.java:185)
	at com.expedia.selenium.ExpediaMavenTest.TS001_TC005_VerifyRoundtripWtAutoCompleteText.flightRoundTripWtAutoCompleteText(TS001_TC005_VerifyRoundtripWtAutoCompleteText.java:27)
Caused by: org.openqa.selenium.NoSuchElementException: Unable to locate element: {"method":"xpath","selector":"//*[@id='typeahead-list']"}
For documentation on this error, please visit: http://seleniumhq.org/exceptions/no_such_element.html
Build info: version: '2.47.1', revision: 'unknown', time: '2015-07-30 11:02:44'
System info: host: 'TASSU', ip: '192.168.150.1', os.name: 'Windows 7', os.arch: 'amd64', os.version: '6.1', java.version: '1.8.0_40'
Driver info: driver.version: unknown
	at <anonymous class>.FirefoxDriver.prototype.findElementInternal_(file:///C:/Users/hkabir/AppData/Local/Temp/anonymous8827039008510123313webdriver-profile/extensions/fxdriver@googlecode.com/components/driver-component.js:10667)
	at <anonymous class>.fxdriver.Timer.prototype.setTimeout/<.notify(file:///C:/Users/hkabir/AppData/Local/Temp/anonymous8827039008510123313webdriver-profile/extensions/fxdriver@googlecode.com/components/driver-component.js:623)
... Removed 28 stack frames]]>
    </failure>
  </testcase> <!-- flightRoundTripWtAutoCompleteText -->
  <testcase name="onewayFlight" time="11.223" classname="com.expedia.selenium.ExpediaMavenTest.TS002_TC001_002_VerifyOneWayFlight"/>
  <testcase name="clickOnSelectButtonFromFlightList" time="25.473" classname="com.expedia.selenium.ExpediaMavenTest.TS002_TC001_002_VerifyOneWayFlight"/>
  <testcase name="onewayFlightWtChildrenAgesGt1" time="14.485" classname="com.expedia.selenium.ExpediaMavenTest.TS002_TC003_VerifyOnewayFlightWtChildrenOneOrMore"/>
  <testcase name="VerifyDate" time="61.853" classname="com.expedia.selenium.ExpediaMavenTest.TS002_TC004_VerifyOnewayFlightUsingDatePicker"/>
</testsuite> <!-- ExpediaTest -->
