<html>
<head>
<title>TestNG:  ExpediaTest</title>
<link href="../testng.css" rel="stylesheet" type="text/css" />
<link href="../my-testng.css" rel="stylesheet" type="text/css" />

<style type="text/css">
.log { display: none;} 
.stack-trace { display: none;} 
</style>
<script type="text/javascript">
<!--
function flip(e) {
  current = e.style.display;
  if (current == 'block') {
    e.style.display = 'none';
    return 0;
  }
  else {
    e.style.display = 'block';
    return 1;
  }
}

function toggleBox(szDivId, elem, msg1, msg2)
{
  var res = -1;  if (document.getElementById) {
    res = flip(document.getElementById(szDivId));
  }
  else if (document.all) {
    // this is the way old msie versions work
    res = flip(document.all[szDivId]);
  }
  if(elem) {
    if(res == 0) elem.innerHTML = msg1; else elem.innerHTML = msg2;
  }

}

function toggleAllBoxes() {
  if (document.getElementsByTagName) {
    d = document.getElementsByTagName('div');
    for (i = 0; i < d.length; i++) {
      if (d[i].className == 'log') {
        flip(d[i]);
      }
    }
  }
}

// -->
</script>

</head>
<body>
<h2 align='center'>ExpediaTest</h2><table border='1' align="center">
<tr>
<td>Tests passed/Failed/Skipped:</td><td>7/2/0</td>
</tr><tr>
<td>Started on:</td><td>Thu Nov 12 17:16:08 EST 2015</td>
</tr>
<tr><td>Total time:</td><td>366 seconds (366999 ms)</td>
</tr><tr>
<td>Included groups:</td><td></td>
</tr><tr>
<td>Excluded groups:</td><td></td>
</tr>
</table><p/>
<small><i>(Hover the method name to see the test class name)</i></small><p/>
<table width='100%' border='1' class='invocation-failed'>
<tr><td colspan='4' align='center'><b>FAILED TESTS</b></td></tr>
<tr><td><b>Test method</b></td>
<td width="30%"><b>Exception</b></td>
<td width="10%"><b>Time (seconds)</b></td>
<td><b>Instance</b></td>
</tr>
<tr>
<td title='com.expedia.selenium.ExpediaMavenTest.TS001_TC005_VerifyRoundtripWtAutoCompleteText.flightRoundTripWtAutoCompleteText()'><b>flightRoundTripWtAutoCompleteText</b><br>Test class: com.expedia.selenium.ExpediaMavenTest.TS001_TC005_VerifyRoundtripWtAutoCompleteText<br>Test method: Verify Flight RoundTrip with auto complete text</td>
<td><div><pre>org.openqa.selenium.NoSuchElementException: Unable to locate element: {&quot;method&quot;:&quot;xpath&quot;,&quot;selector&quot;:&quot;//*[@id=&apos;typeahead-list&apos;]&quot;}
Command duration or timeout: 30.06 seconds
For documentation on this error, please visit: http://seleniumhq.org/exceptions/no_such_element.html
Build info: version: &apos;2.47.1&apos;, revision: &apos;unknown&apos;, time: &apos;2015-07-30 11:02:44&apos;
System info: host: &apos;TASSU&apos;, ip: &apos;192.168.150.1&apos;, os.name: &apos;Windows 7&apos;, os.arch: &apos;amd64&apos;, os.version: &apos;6.1&apos;, java.version: &apos;1.8.0_40&apos;
Driver info: org.openqa.selenium.firefox.FirefoxDriver
Capabilities [{applicationCacheEnabled=true, rotatable=false, handlesAlerts=true, databaseEnabled=true, version=42.0, platform=WINDOWS, nativeEvents=false, acceptSslCerts=true, webStorageEnabled=true, locationContextEnabled=true, browserName=firefox, takesScreenshot=true, javascriptEnabled=true, cssSelectorsEnabled=true}]
Session ID: 4589a1df-9f0d-45e7-b4dd-47c10bb1c35c
*** Element info: {Using=xpath, value=//*[@id=&apos;typeahead-list&apos;]}
	at org.openqa.selenium.remote.ErrorHandler.createThrowable(ErrorHandler.java:206)
	at org.openqa.selenium.remote.ErrorHandler.throwIfResponseFailed(ErrorHandler.java:158)
	at org.openqa.selenium.remote.RemoteWebDriver.execute(RemoteWebDriver.java:595)
	at org.openqa.selenium.remote.RemoteWebDriver.findElement(RemoteWebDriver.java:348)
	at org.openqa.selenium.remote.RemoteWebDriver.findElementByXPath(RemoteWebDriver.java:445)
	at org.openqa.selenium.By$ByXPath.findElement(By.java:358)
	at org.openqa.selenium.remote.RemoteWebDriver.findElement(RemoteWebDriver.java:340)
	at com.expedia.selenium.ExpediaMavenTest.utilities.AbstractTest.getElement(AbstractTest.java:95)
	at com.expedia.selenium.ExpediaMavenTest.utilities.BasePage.autoCompleteText(BasePage.java:93)
	at com.expedia.selenium.ExpediaMavenTest.pages.HomeScreen.autoCompleteFlyingFromTextField(HomeScreen.java:185)
	at com.expedia.selenium.ExpediaMavenTest.TS001_TC005_VerifyRoundtripWtAutoCompleteText.flightRoundTripWtAutoCompleteText(TS001_TC005_VerifyRoundtripWtAutoCompleteText.java:27)
Caused by: org.openqa.selenium.NoSuchElementException: Unable to locate element: {&quot;method&quot;:&quot;xpath&quot;,&quot;selector&quot;:&quot;//*[@id=&apos;typeahead-list&apos;]&quot;}
For documentation on this error, please visit: http://seleniumhq.org/exceptions/no_such_element.html
Build info: version: &apos;2.47.1&apos;, revision: &apos;unknown&apos;, time: &apos;2015-07-30 11:02:44&apos;
System info: host: &apos;TASSU&apos;, ip: &apos;192.168.150.1&apos;, os.name: &apos;Windows 7&apos;, os.arch: &apos;amd64&apos;, os.version: &apos;6.1&apos;, java.version: &apos;1.8.0_40&apos;
Driver info: driver.version: unknown
	at &lt;anonymous class&gt;.FirefoxDriver.prototype.findElementInternal_(file:///C:/Users/hkabir/AppData/Local/Temp/anonymous8827039008510123313webdriver-profile/extensions/fxdriver@googlecode.com/components/driver-component.js:10667)
	at &lt;anonymous class&gt;.fxdriver.Timer.prototype.setTimeout/&lt;.notify(file:///C:/Users/hkabir/AppData/Local/Temp/anonymous8827039008510123313webdriver-profile/extensions/fxdriver@googlecode.com/components/driver-component.js:623)
... Removed 28 stack frames</pre></div><a href='#' onClick='toggleBox("stack-trace2079565272", this, "Click to show all stack frames", "Click to hide stack frames")'>Click to show all stack frames</a>
<div class='stack-trace' id='stack-trace2079565272'><pre>org.openqa.selenium.NoSuchElementException: Unable to locate element: {&quot;method&quot;:&quot;xpath&quot;,&quot;selector&quot;:&quot;//*[@id=&apos;typeahead-list&apos;]&quot;}
Command duration or timeout: 30.06 seconds
For documentation on this error, please visit: http://seleniumhq.org/exceptions/no_such_element.html
Build info: version: &apos;2.47.1&apos;, revision: &apos;unknown&apos;, time: &apos;2015-07-30 11:02:44&apos;
System info: host: &apos;TASSU&apos;, ip: &apos;192.168.150.1&apos;, os.name: &apos;Windows 7&apos;, os.arch: &apos;amd64&apos;, os.version: &apos;6.1&apos;, java.version: &apos;1.8.0_40&apos;
Driver info: org.openqa.selenium.firefox.FirefoxDriver
Capabilities [{applicationCacheEnabled=true, rotatable=false, handlesAlerts=true, databaseEnabled=true, version=42.0, platform=WINDOWS, nativeEvents=false, acceptSslCerts=true, webStorageEnabled=true, locationContextEnabled=true, browserName=firefox, takesScreenshot=true, javascriptEnabled=true, cssSelectorsEnabled=true}]
Session ID: 4589a1df-9f0d-45e7-b4dd-47c10bb1c35c
*** Element info: {Using=xpath, value=//*[@id=&apos;typeahead-list&apos;]}
	at sun.reflect.NativeConstructorAccessorImpl.newInstance0(Native Method)
	at sun.reflect.NativeConstructorAccessorImpl.newInstance(Unknown Source)
	at sun.reflect.DelegatingConstructorAccessorImpl.newInstance(Unknown Source)
	at java.lang.reflect.Constructor.newInstance(Unknown Source)
	at org.openqa.selenium.remote.ErrorHandler.createThrowable(ErrorHandler.java:206)
	at org.openqa.selenium.remote.ErrorHandler.throwIfResponseFailed(ErrorHandler.java:158)
	at org.openqa.selenium.remote.RemoteWebDriver.execute(RemoteWebDriver.java:595)
	at org.openqa.selenium.remote.RemoteWebDriver.findElement(RemoteWebDriver.java:348)
	at org.openqa.selenium.remote.RemoteWebDriver.findElementByXPath(RemoteWebDriver.java:445)
	at org.openqa.selenium.By$ByXPath.findElement(By.java:358)
	at org.openqa.selenium.remote.RemoteWebDriver.findElement(RemoteWebDriver.java:340)
	at com.expedia.selenium.ExpediaMavenTest.utilities.AbstractTest.getElement(AbstractTest.java:95)
	at com.expedia.selenium.ExpediaMavenTest.utilities.BasePage.autoCompleteText(BasePage.java:93)
	at com.expedia.selenium.ExpediaMavenTest.pages.HomeScreen.autoCompleteFlyingFromTextField(HomeScreen.java:185)
	at com.expedia.selenium.ExpediaMavenTest.TS001_TC005_VerifyRoundtripWtAutoCompleteText.flightRoundTripWtAutoCompleteText(TS001_TC005_VerifyRoundtripWtAutoCompleteText.java:27)
	at sun.reflect.NativeMethodAccessorImpl.invoke0(Native Method)
	at sun.reflect.NativeMethodAccessorImpl.invoke(Unknown Source)
	at sun.reflect.DelegatingMethodAccessorImpl.invoke(Unknown Source)
	at java.lang.reflect.Method.invoke(Unknown Source)
	at org.testng.internal.MethodInvocationHelper.invokeMethod(MethodInvocationHelper.java:85)
	at org.testng.internal.Invoker.invokeMethod(Invoker.java:639)
	at org.testng.internal.Invoker.invokeTestMethod(Invoker.java:816)
	at org.testng.internal.Invoker.invokeTestMethods(Invoker.java:1124)
	at org.testng.internal.TestMethodWorker.invokeTestMethods(TestMethodWorker.java:124)
	at org.testng.internal.TestMethodWorker.run(TestMethodWorker.java:108)
	at org.testng.TestRunner.privateRun(TestRunner.java:773)
	at org.testng.TestRunner.run(TestRunner.java:623)
	at org.testng.SuiteRunner.runTest(SuiteRunner.java:359)
	at org.testng.SuiteRunner.runSequentially(SuiteRunner.java:354)
	at org.testng.SuiteRunner.privateRun(SuiteRunner.java:312)
	at org.testng.SuiteRunner.run(SuiteRunner.java:261)
	at org.testng.SuiteRunnerWorker.runSuite(SuiteRunnerWorker.java:52)
	at org.testng.SuiteRunnerWorker.run(SuiteRunnerWorker.java:86)
	at org.testng.TestNG.runSuitesSequentially(TestNG.java:1185)
	at org.testng.TestNG.runSuitesLocally(TestNG.java:1110)
	at org.testng.TestNG.run(TestNG.java:1018)
	at org.testng.remote.RemoteTestNG.run(RemoteTestNG.java:112)
	at org.testng.remote.RemoteTestNG.initAndRun(RemoteTestNG.java:205)
	at org.testng.remote.RemoteTestNG.main(RemoteTestNG.java:176)
Caused by: org.openqa.selenium.NoSuchElementException: Unable to locate element: {&quot;method&quot;:&quot;xpath&quot;,&quot;selector&quot;:&quot;//*[@id=&apos;typeahead-list&apos;]&quot;}
For documentation on this error, please visit: http://seleniumhq.org/exceptions/no_such_element.html
Build info: version: &apos;2.47.1&apos;, revision: &apos;unknown&apos;, time: &apos;2015-07-30 11:02:44&apos;
System info: host: &apos;TASSU&apos;, ip: &apos;192.168.150.1&apos;, os.name: &apos;Windows 7&apos;, os.arch: &apos;amd64&apos;, os.version: &apos;6.1&apos;, java.version: &apos;1.8.0_40&apos;
Driver info: driver.version: unknown
	at &lt;anonymous class&gt;.FirefoxDriver.prototype.findElementInternal_(file:///C:/Users/hkabir/AppData/Local/Temp/anonymous8827039008510123313webdriver-profile/extensions/fxdriver@googlecode.com/components/driver-component.js:10667)
	at &lt;anonymous class&gt;.fxdriver.Timer.prototype.setTimeout/&lt;.notify(file:///C:/Users/hkabir/AppData/Local/Temp/anonymous8827039008510123313webdriver-profile/extensions/fxdriver@googlecode.com/components/driver-component.js:623)
</pre></div></td>
<td>31</td>
<td>com.expedia.selenium.ExpediaMavenTest.TS001_TC005_VerifyRoundtripWtAutoCompleteText@2f7a2457</td></tr>
<tr>
<td title='com.expedia.selenium.ExpediaMavenTest.TS001_TC002_VerifyRoundTripWtPreferredAirlines.flightRoundTripWtPrefAirlines()'><b>flightRoundTripWtPrefAirlines</b><br>Test class: com.expedia.selenium.ExpediaMavenTest.TS001_TC002_VerifyRoundTripWtPreferredAirlines<br>Test method: Verify Flight RoundTrip with preferred airlines</td>
<td><div><pre>org.openqa.selenium.NoSuchElementException: Unable to locate element: {&quot;method&quot;:&quot;xpath&quot;,&quot;selector&quot;:&quot;//select[@id=&apos;flight-advanced-preferred-airline&apos;]&quot;}
Command duration or timeout: 30.13 seconds
For documentation on this error, please visit: http://seleniumhq.org/exceptions/no_such_element.html
Build info: version: &apos;2.47.1&apos;, revision: &apos;unknown&apos;, time: &apos;2015-07-30 11:02:44&apos;
System info: host: &apos;TASSU&apos;, ip: &apos;192.168.150.1&apos;, os.name: &apos;Windows 7&apos;, os.arch: &apos;amd64&apos;, os.version: &apos;6.1&apos;, java.version: &apos;1.8.0_40&apos;
Driver info: org.openqa.selenium.firefox.FirefoxDriver
Capabilities [{applicationCacheEnabled=true, rotatable=false, handlesAlerts=true, databaseEnabled=true, version=42.0, platform=WINDOWS, nativeEvents=false, acceptSslCerts=true, webStorageEnabled=true, locationContextEnabled=true, browserName=firefox, takesScreenshot=true, javascriptEnabled=true, cssSelectorsEnabled=true}]
Session ID: 4589a1df-9f0d-45e7-b4dd-47c10bb1c35c
*** Element info: {Using=xpath, value=//select[@id=&apos;flight-advanced-preferred-airline&apos;]}
	at org.openqa.selenium.remote.ErrorHandler.createThrowable(ErrorHandler.java:206)
	at org.openqa.selenium.remote.ErrorHandler.throwIfResponseFailed(ErrorHandler.java:158)
	at org.openqa.selenium.remote.RemoteWebDriver.execute(RemoteWebDriver.java:595)
	at org.openqa.selenium.remote.RemoteWebDriver.findElement(RemoteWebDriver.java:348)
	at org.openqa.selenium.remote.RemoteWebDriver.findElementByXPath(RemoteWebDriver.java:445)
	at org.openqa.selenium.By$ByXPath.findElement(By.java:358)
	at org.openqa.selenium.remote.RemoteWebDriver.findElement(RemoteWebDriver.java:340)
	at com.expedia.selenium.ExpediaMavenTest.utilities.AbstractTest.getElement(AbstractTest.java:95)
	at com.expedia.selenium.ExpediaMavenTest.utilities.BasePage.selectDropDown(BasePage.java:181)
	at com.expedia.selenium.ExpediaMavenTest.pages.HomeScreen.selectPreferredAirlineDropdown(HomeScreen.java:149)
	at com.expedia.selenium.ExpediaMavenTest.TS001_TC002_VerifyRoundTripWtPreferredAirlines.flightRoundTripWtPrefAirlines(TS001_TC002_VerifyRoundTripWtPreferredAirlines.java:32)
Caused by: org.openqa.selenium.NoSuchElementException: Unable to locate element: {&quot;method&quot;:&quot;xpath&quot;,&quot;selector&quot;:&quot;//select[@id=&apos;flight-advanced-preferred-airline&apos;]&quot;}
For documentation on this error, please visit: http://seleniumhq.org/exceptions/no_such_element.html
Build info: version: &apos;2.47.1&apos;, revision: &apos;unknown&apos;, time: &apos;2015-07-30 11:02:44&apos;
System info: host: &apos;TASSU&apos;, ip: &apos;192.168.150.1&apos;, os.name: &apos;Windows 7&apos;, os.arch: &apos;amd64&apos;, os.version: &apos;6.1&apos;, java.version: &apos;1.8.0_40&apos;
Driver info: driver.version: unknown
	at &lt;anonymous class&gt;.FirefoxDriver.prototype.findElementInternal_(file:///C:/Users/hkabir/AppData/Local/Temp/anonymous8827039008510123313webdriver-profile/extensions/fxdriver@googlecode.com/components/driver-component.js:10667)
	at &lt;anonymous class&gt;.fxdriver.Timer.prototype.setTimeout/&lt;.notify(file:///C:/Users/hkabir/AppData/Local/Temp/anonymous8827039008510123313webdriver-profile/extensions/fxdriver@googlecode.com/components/driver-component.js:623)
... Removed 28 stack frames</pre></div><a href='#' onClick='toggleBox("stack-trace177140066", this, "Click to show all stack frames", "Click to hide stack frames")'>Click to show all stack frames</a>
<div class='stack-trace' id='stack-trace177140066'><pre>org.openqa.selenium.NoSuchElementException: Unable to locate element: {&quot;method&quot;:&quot;xpath&quot;,&quot;selector&quot;:&quot;//select[@id=&apos;flight-advanced-preferred-airline&apos;]&quot;}
Command duration or timeout: 30.13 seconds
For documentation on this error, please visit: http://seleniumhq.org/exceptions/no_such_element.html
Build info: version: &apos;2.47.1&apos;, revision: &apos;unknown&apos;, time: &apos;2015-07-30 11:02:44&apos;
System info: host: &apos;TASSU&apos;, ip: &apos;192.168.150.1&apos;, os.name: &apos;Windows 7&apos;, os.arch: &apos;amd64&apos;, os.version: &apos;6.1&apos;, java.version: &apos;1.8.0_40&apos;
Driver info: org.openqa.selenium.firefox.FirefoxDriver
Capabilities [{applicationCacheEnabled=true, rotatable=false, handlesAlerts=true, databaseEnabled=true, version=42.0, platform=WINDOWS, nativeEvents=false, acceptSslCerts=true, webStorageEnabled=true, locationContextEnabled=true, browserName=firefox, takesScreenshot=true, javascriptEnabled=true, cssSelectorsEnabled=true}]
Session ID: 4589a1df-9f0d-45e7-b4dd-47c10bb1c35c
*** Element info: {Using=xpath, value=//select[@id=&apos;flight-advanced-preferred-airline&apos;]}
	at sun.reflect.NativeConstructorAccessorImpl.newInstance0(Native Method)
	at sun.reflect.NativeConstructorAccessorImpl.newInstance(Unknown Source)
	at sun.reflect.DelegatingConstructorAccessorImpl.newInstance(Unknown Source)
	at java.lang.reflect.Constructor.newInstance(Unknown Source)
	at org.openqa.selenium.remote.ErrorHandler.createThrowable(ErrorHandler.java:206)
	at org.openqa.selenium.remote.ErrorHandler.throwIfResponseFailed(ErrorHandler.java:158)
	at org.openqa.selenium.remote.RemoteWebDriver.execute(RemoteWebDriver.java:595)
	at org.openqa.selenium.remote.RemoteWebDriver.findElement(RemoteWebDriver.java:348)
	at org.openqa.selenium.remote.RemoteWebDriver.findElementByXPath(RemoteWebDriver.java:445)
	at org.openqa.selenium.By$ByXPath.findElement(By.java:358)
	at org.openqa.selenium.remote.RemoteWebDriver.findElement(RemoteWebDriver.java:340)
	at com.expedia.selenium.ExpediaMavenTest.utilities.AbstractTest.getElement(AbstractTest.java:95)
	at com.expedia.selenium.ExpediaMavenTest.utilities.BasePage.selectDropDown(BasePage.java:181)
	at com.expedia.selenium.ExpediaMavenTest.pages.HomeScreen.selectPreferredAirlineDropdown(HomeScreen.java:149)
	at com.expedia.selenium.ExpediaMavenTest.TS001_TC002_VerifyRoundTripWtPreferredAirlines.flightRoundTripWtPrefAirlines(TS001_TC002_VerifyRoundTripWtPreferredAirlines.java:32)
	at sun.reflect.NativeMethodAccessorImpl.invoke0(Native Method)
	at sun.reflect.NativeMethodAccessorImpl.invoke(Unknown Source)
	at sun.reflect.DelegatingMethodAccessorImpl.invoke(Unknown Source)
	at java.lang.reflect.Method.invoke(Unknown Source)
	at org.testng.internal.MethodInvocationHelper.invokeMethod(MethodInvocationHelper.java:85)
	at org.testng.internal.Invoker.invokeMethod(Invoker.java:639)
	at org.testng.internal.Invoker.invokeTestMethod(Invoker.java:816)
	at org.testng.internal.Invoker.invokeTestMethods(Invoker.java:1124)
	at org.testng.internal.TestMethodWorker.invokeTestMethods(TestMethodWorker.java:124)
	at org.testng.internal.TestMethodWorker.run(TestMethodWorker.java:108)
	at org.testng.TestRunner.privateRun(TestRunner.java:773)
	at org.testng.TestRunner.run(TestRunner.java:623)
	at org.testng.SuiteRunner.runTest(SuiteRunner.java:359)
	at org.testng.SuiteRunner.runSequentially(SuiteRunner.java:354)
	at org.testng.SuiteRunner.privateRun(SuiteRunner.java:312)
	at org.testng.SuiteRunner.run(SuiteRunner.java:261)
	at org.testng.SuiteRunnerWorker.runSuite(SuiteRunnerWorker.java:52)
	at org.testng.SuiteRunnerWorker.run(SuiteRunnerWorker.java:86)
	at org.testng.TestNG.runSuitesSequentially(TestNG.java:1185)
	at org.testng.TestNG.runSuitesLocally(TestNG.java:1110)
	at org.testng.TestNG.run(TestNG.java:1018)
	at org.testng.remote.RemoteTestNG.run(RemoteTestNG.java:112)
	at org.testng.remote.RemoteTestNG.initAndRun(RemoteTestNG.java:205)
	at org.testng.remote.RemoteTestNG.main(RemoteTestNG.java:176)
Caused by: org.openqa.selenium.NoSuchElementException: Unable to locate element: {&quot;method&quot;:&quot;xpath&quot;,&quot;selector&quot;:&quot;//select[@id=&apos;flight-advanced-preferred-airline&apos;]&quot;}
For documentation on this error, please visit: http://seleniumhq.org/exceptions/no_such_element.html
Build info: version: &apos;2.47.1&apos;, revision: &apos;unknown&apos;, time: &apos;2015-07-30 11:02:44&apos;
System info: host: &apos;TASSU&apos;, ip: &apos;192.168.150.1&apos;, os.name: &apos;Windows 7&apos;, os.arch: &apos;amd64&apos;, os.version: &apos;6.1&apos;, java.version: &apos;1.8.0_40&apos;
Driver info: driver.version: unknown
	at &lt;anonymous class&gt;.FirefoxDriver.prototype.findElementInternal_(file:///C:/Users/hkabir/AppData/Local/Temp/anonymous8827039008510123313webdriver-profile/extensions/fxdriver@googlecode.com/components/driver-component.js:10667)
	at &lt;anonymous class&gt;.fxdriver.Timer.prototype.setTimeout/&lt;.notify(file:///C:/Users/hkabir/AppData/Local/Temp/anonymous8827039008510123313webdriver-profile/extensions/fxdriver@googlecode.com/components/driver-component.js:623)
</pre></div></td>
<td>43</td>
<td>com.expedia.selenium.ExpediaMavenTest.TS001_TC002_VerifyRoundTripWtPreferredAirlines@35f983a6</td></tr>
</table><p>
<table width='100%' border='1' class='invocation-passed'>
<tr><td colspan='4' align='center'><b>PASSED TESTS</b></td></tr>
<tr><td><b>Test method</b></td>
<td width="30%"><b>Exception</b></td>
<td width="10%"><b>Time (seconds)</b></td>
<td><b>Instance</b></td>
</tr>
<tr>
<td title='com.expedia.selenium.ExpediaMavenTest.TS002_TC004_VerifyOnewayFlightUsingDatePicker.VerifyDate()'><b>VerifyDate</b><br>Test class: com.expedia.selenium.ExpediaMavenTest.TS002_TC004_VerifyOnewayFlightUsingDatePicker<br>Test method: Verify oneway flight using date picker from calendar</td>
<td></td>
<td>61</td>
<td>com.expedia.selenium.ExpediaMavenTest.TS002_TC004_VerifyOnewayFlightUsingDatePicker@1554909b</td></tr>
<tr>
<td title='com.expedia.selenium.ExpediaMavenTest.TS002_TC001_002_VerifyOneWayFlight.clickOnSelectButtonFromFlightList()'><b>clickOnSelectButtonFromFlightList</b><br>Test class: com.expedia.selenium.ExpediaMavenTest.TS002_TC001_002_VerifyOneWayFlight<br>Test method: Verify button by clicking from flight list</td>
<td></td>
<td>25</td>
<td>com.expedia.selenium.ExpediaMavenTest.TS002_TC001_002_VerifyOneWayFlight@566776ad</td></tr>
<tr>
<td title='com.expedia.selenium.ExpediaMavenTest.TS001_TC001_VerifyRoundTrip.flightRoundTrip()'><b>flightRoundTrip</b><br>Test class: com.expedia.selenium.ExpediaMavenTest.TS001_TC001_VerifyRoundTrip<br>Test method: Verify Flight RoundTrip</td>
<td></td>
<td>20</td>
<td>com.expedia.selenium.ExpediaMavenTest.TS001_TC001_VerifyRoundTrip@60f82f98</td></tr>
<tr>
<td title='com.expedia.selenium.ExpediaMavenTest.TS001_TC004_VerifyRoundtripFlightWtAddingCar.flightRoundTripWtAddingCar()'><b>flightRoundTripWtAddingCar</b><br>Test class: com.expedia.selenium.ExpediaMavenTest.TS001_TC004_VerifyRoundtripFlightWtAddingCar<br>Test method: Verify Roundtrip Flight with adding car</td>
<td></td>
<td>8</td>
<td>com.expedia.selenium.ExpediaMavenTest.TS001_TC004_VerifyRoundtripFlightWtAddingCar@edf4efb</td></tr>
<tr>
<td title='com.expedia.selenium.ExpediaMavenTest.TS001_TC003_VerifyRoundtripFlightWtAddingHotel.flightRoundTripWtAddingHotel()'><b>flightRoundTripWtAddingHotel</b><br>Test class: com.expedia.selenium.ExpediaMavenTest.TS001_TC003_VerifyRoundtripFlightWtAddingHotel<br>Test method: Verify Roundtrip Flight with adding hotel</td>
<td></td>
<td>58</td>
<td>com.expedia.selenium.ExpediaMavenTest.TS001_TC003_VerifyRoundtripFlightWtAddingHotel@7f690630</td></tr>
<tr>
<td title='com.expedia.selenium.ExpediaMavenTest.TS002_TC001_002_VerifyOneWayFlight.onewayFlight()'><b>onewayFlight</b><br>Test class: com.expedia.selenium.ExpediaMavenTest.TS002_TC001_002_VerifyOneWayFlight<br>Test method: Verify Oneway Flight from Home Screen</td>
<td></td>
<td>11</td>
<td>com.expedia.selenium.ExpediaMavenTest.TS002_TC001_002_VerifyOneWayFlight@566776ad</td></tr>
<tr>
<td title='com.expedia.selenium.ExpediaMavenTest.TS002_TC003_VerifyOnewayFlightWtChildrenOneOrMore.onewayFlightWtChildrenAgesGt1()'><b>onewayFlightWtChildrenAgesGt1</b><br>Test class: com.expedia.selenium.ExpediaMavenTest.TS002_TC003_VerifyOnewayFlightWtChildrenOneOrMore<br>Test method: Verify Oneway Flight from Home Screen with children ages greater than 1</td>
<td></td>
<td>14</td>
<td>com.expedia.selenium.ExpediaMavenTest.TS002_TC003_VerifyOnewayFlightWtChildrenOneOrMore@6108b2d7</td></tr>
</table><p>
</body>
</html>