<?xml version="1.0" encoding="UTF-8"?>
<testsuite name="TestSuite" time="50.962" tests="8" errors="0" skipped="6" failures="2">
  <properties>
    <property name="java.vendor" value="Oracle Corporation"/>
    <property name="JOB_NAME" value="Expedia"/>
    <property name="sun.java.launcher" value="SUN_STANDARD"/>
    <property name="windows_tracing_logfile" value="C:\BVTBin\Tests\installpackage\csilogfile.log"/>
    <property name="NUMBER_OF_PROCESSORS" value="4"/>
    <property name="sun.management.compiler" value="HotSpot 64-Bit Tiered Compilers"/>
    <property name="JENKINS_HOME" value="C:\Program Files (x86)\Jenkins"/>
    <property name="HUDSON_SERVER_COOKIE" value="d1a7b0d2b7c640b9"/>
    <property name="os.name" value="Windows 7"/>
    <property name="sun.boot.class.path" value="C:\Program Files\Java\jdk1.8.0_40\jre\lib\resources.jar;C:\Program Files\Java\jdk1.8.0_40\jre\lib\rt.jar;C:\Program Files\Java\jdk1.8.0_40\jre\lib\sunrsasign.jar;C:\Program Files\Java\jdk1.8.0_40\jre\lib\jsse.jar;C:\Program Files\Java\jdk1.8.0_40\jre\lib\jce.jar;C:\Program Files\Java\jdk1.8.0_40\jre\lib\charsets.jar;C:\Program Files\Java\jdk1.8.0_40\jre\lib\jfr.jar;C:\Program Files\Java\jdk1.8.0_40\jre\classes"/>
    <property name="EXECUTOR_NUMBER" value="0"/>
    <property name="sun.desktop" value="windows"/>
    <property name="PATHEXT" value=".COM;.EXE;.BAT;.CMD;.VBS;.VBE;.JS;.JSE;.WSF;.WSH;.MSC"/>
    <property name="java.vm.specification.vendor" value="Oracle Corporation"/>
    <property name="NODE_LABELS" value="master"/>
    <property name="TEMP" value="C:\Windows\TEMP"/>
    <property name="java.runtime.version" value="1.8.0_40-b25"/>
    <property name="user.name" value="TASSU$"/>
    <property name="guice.disable.misplaced.annotation.check" value="true"/>
    <property name="CommonProgramW6432" value="C:\Program Files\Common Files"/>
    <property name="ProgramFiles" value="C:\Program Files (x86)"/>
    <property name="user.language" value="en"/>
    <property name="BUILD_DISPLAY_NAME" value="#1"/>
    <property name="sun.boot.library.path" value="C:\Program Files\Java\jdk1.8.0_40\jre\bin"/>
    <property name="LOCALAPPDATA" value="C:\Windows\system32\config\systemprofile\AppData\Local"/>
    <property name="java.version" value="1.8.0_40"/>
    <property name="PROCESSOR_LEVEL" value="6"/>
    <property name="user.timezone" value="America/New_York"/>
    <property name="USERNAME" value="TASSU$"/>
    <property name="sun.arch.data.model" value="64"/>
    <property name="NODE_NAME" value="master"/>
    <property name="PROCESSOR_ARCHITEW6432" value="AMD64"/>
    <property name="java.endorsed.dirs" value="C:\Program Files\Java\jdk1.8.0_40\jre\lib\endorsed"/>
    <property name="BUILD_ID" value="1"/>
    <property name="sun.cpu.isalist" value="amd64"/>
    <property name="sun.jnu.encoding" value="Cp1252"/>
    <property name="file.encoding.pkg" value="sun.io"/>
    <property name="file.separator" value="\"/>
    <property name="java.specification.name" value="Java Platform API Specification"/>
    <property name="java.class.version" value="52.0"/>
    <property name="org.slf4j.simpleLogger.defaultLogLevel" value="info"/>
    <property name="user.country" value="US"/>
    <property name="ALLUSERSPROFILE" value="C:\ProgramData"/>
    <property name="java.home" value="C:\Program Files\Java\jdk1.8.0_40\jre"/>
    <property name="java.vm.info" value="mixed mode"/>
    <property name="os.version" value="6.1"/>
    <property name="TMP" value="C:\Windows\TEMP"/>
    <property name="PTSMInstallPath_X86" value="C:\Program Files (x86)\Hewlett-Packard\HP ProtectTools Security Manager\"/>
    <property name="path.separator" value=";"/>
    <property name="java.vm.version" value="25.40-b25"/>
    <property name="AMDAPPSDKROOT" value="c:\Program Files (x86)\AMD APP\"/>
    <property name="user.variant" value=""/>
    <property name="CommonProgramFiles(x86)" value="C:\Program Files (x86)\Common Files"/>
    <property name="java.awt.printerjob" value="sun.awt.windows.WPrinterJob"/>
    <property name="FP_NO_HOST_CHECK" value="NO"/>
    <property name="JAVA_HOME" value="C:\Program Files\Java\jdk1.8.0_40"/>
    <property name="sun.io.unicode.encoding" value="UnicodeLittle"/>
    <property name="CommonProgramFiles" value="C:\Program Files (x86)\Common Files"/>
    <property name="ComSpec" value="C:\Windows\system32\cmd.exe"/>
    <property name="awt.toolkit" value="sun.awt.windows.WToolkit"/>
    <property name="SERVICE_ID" value="jenkins"/>
    <property name="COMPUTERNAME" value="TASSU"/>
    <property name="user.script" value=""/>
    <property name="asl.log" value="Destination=file"/>
    <property name="PUBLIC" value="C:\Users\Public"/>
    <property name="user.home" value="C:\Windows\system32\config\systemprofile"/>
    <property name="BUILD_TAG" value="jenkins-Expedia-1"/>
    <property name="JENKINS_SERVER_COOKIE" value="d1a7b0d2b7c640b9"/>
    <property name="HUDSON_URL" value="http://localhost:8080/"/>
    <property name="ProgramData" value="C:\ProgramData"/>
    <property name="java.specification.vendor" value="Oracle Corporation"/>
    <property name="USERPROFILE" value="C:\Windows\system32\config\systemprofile"/>
    <property name="CLASSPATH" value=""/>
    <property name="java.vendor.url" value="http://java.oracle.com/"/>
    <property name="java.library.path" value="C:\Program Files\Java\jdk1.8.0_40\bin;C:\Windows\Sun\Java\bin;C:\Windows\system32;C:\Windows;C:\Program Files\apache\maven/bin;C:\Program Files\Java\jdk1.8.0_40/bin;C:\Program Files\Java\jdk1.8.0_40/bin;C:\ProgramData\Oracle\Java\javapath;C:\Program Files\Java\jdk1.7.0_07\bin;C:\Program Files (x86)\Common Files\Acronis\SnapAPI\;C:\mysql\bin;c:\Python33;C:\Program Files (x86)\QuickTime\QTSystem\;C:\Program Files\apache\maven\bin;C:\Program Files\Java\jdk1.8.0_40\bin;C:\Program Files (x86)\Skype\Phone\;;."/>
    <property name="java.vm.vendor" value="Oracle Corporation"/>
    <property name="APPDATA" value="C:\Windows\system32\config\systemprofile\AppData\Roaming"/>
    <property name="java.runtime.name" value="Java(TM) SE Runtime Environment"/>
    <property name="maven.home" value="C:\Program Files\apache\maven"/>
    <property name="java.class.path" value="C:\Program Files (x86)\Jenkins\plugins\maven-plugin\WEB-INF\lib\maven31-agent-1.5.jar;C:\Program Files\apache\maven\boot\plexus-classworlds-2.5.2.jar;C:\Program Files\apache\maven/conf/logging"/>
    <property name="sun.java.command" value="jenkins.maven3.agent.Maven31Main C:\Program Files\apache\maven C:\Program Files (x86)\Jenkins\war\WEB-INF\lib\remoting-2.53.2.jar C:\Program Files (x86)\Jenkins\plugins\maven-plugin\WEB-INF\lib\maven31-interceptor-1.5.jar C:\Program Files (x86)\Jenkins\plugins\maven-plugin\WEB-INF\lib\maven3-interceptor-commons-1.5.jar 53921"/>
    <property name="Path" value="C:\Program Files\Java\jdk1.8.0_40/bin;C:\ProgramData\Oracle\Java\javapath;C:\Program Files\Java\jdk1.7.0_07\bin;C:\Program Files (x86)\Common Files\Acronis\SnapAPI\;C:\mysql\bin;c:\Python33;C:\Program Files (x86)\QuickTime\QTSystem\;C:\Program Files\apache\maven\bin;C:\Program Files\Java\jdk1.8.0_40\bin;C:\Program Files (x86)\Skype\Phone\;"/>
    <property name="java.vm.specification.name" value="Java Virtual Machine Specification"/>
    <property name="PROCESSOR_ARCHITECTURE" value="x86"/>
    <property name="PATH+JDK" value="C:\Program Files\Java\jdk1.8.0_40/bin"/>
    <property name="PROCESSOR_IDENTIFIER" value="Intel64 Family 6 Model 42 Stepping 7, GenuineIntel"/>
    <property name="java.vm.specification.version" value="1.8"/>
    <property name="sun.os.patch.level" value="Service Pack 1"/>
    <property name="sun.cpu.endian" value="little"/>
    <property name="M2_HOME" value="C:\Program Files\apache\maven"/>
    <property name="java.io.tmpdir" value="C:\Windows\TEMP\"/>
    <property name="OS" value="Windows_NT"/>
    <property name="HUDSON_HOME" value="C:\Program Files (x86)\Jenkins"/>
    <property name="PATH+MAVEN" value="C:\Program Files\apache\maven/bin"/>
    <property name="ProgramFiles(x86)" value="C:\Program Files (x86)"/>
    <property name="BUILD_URL" value="http://localhost:8080/job/Expedia/1/"/>
    <property name="java.vendor.url.bug" value="http://bugreport.sun.com/bugreport/"/>
    <property name="java.awt.graphicsenv" value="sun.awt.Win32GraphicsEnvironment"/>
    <property name="os.arch" value="amd64"/>
    <property name="SystemRoot" value="C:\Windows"/>
    <property name="windows_tracing_flags" value="3"/>
    <property name="java.ext.dirs" value="C:\Program Files\Java\jdk1.8.0_40\jre\lib\ext;C:\Windows\Sun\Java\lib\ext"/>
    <property name="user.dir" value="D:\SOFTWARE TESTING\TECHNOSOFT\Workspace\ExpediaMavenTest"/>
    <property name="JOB_URL" value="http://localhost:8080/job/Expedia/"/>
    <property name="USERDOMAIN" value="WORKGROUP"/>
    <property name="line.separator" value="&#10;"/>
    <property name="MAVEN_HOME" value="C:\Program Files\apache\maven"/>
    <property name="java.vm.name" value="Java HotSpot(TM) 64-Bit Server VM"/>
    <property name="BUILD_NUMBER" value="1"/>
    <property name="BASE" value="C:\Program Files (x86)\Jenkins"/>
    <property name="PythonPath" value="C:\Python27\Lib;C:\Python27\DLLs;C:\Python27\Lib\lib-tk"/>
    <property name="JENKINS_URL" value="http://localhost:8080/"/>
    <property name="PROCESSOR_REVISION" value="2a07"/>
    <property name="ProgramW6432" value="C:\Program Files"/>
    <property name="windir" value="C:\Windows"/>
    <property name="file.encoding" value="Cp1252"/>
    <property name="SystemDrive" value="C:"/>
    <property name="maven3.interceptor" value="C:\Program Files (x86)\Jenkins\plugins\maven-plugin\WEB-INF\lib\maven31-interceptor-1.5.jar"/>
    <property name="WORKSPACE" value="C:\Program Files (x86)\Jenkins\jobs\Expedia\workspace"/>
    <property name="maven3.interceptor.common" value="C:\Program Files (x86)\Jenkins\plugins\maven-plugin\WEB-INF\lib\maven3-interceptor-commons-1.5.jar"/>
    <property name="WINSW_EXECUTABLE" value="C:\Program Files (x86)\Jenkins\jenkins.exe"/>
    <property name="java.specification.version" value="1.8"/>
    <property name="PSModulePath" value="C:\Windows\system32\WindowsPowerShell\v1.0\Modules\"/>
  </properties>
  <testcase name="setUp" classname="com.expedia.selenium.ExpediaMavenTest.TS001_TC001_VerifyRoundTrip" time="50.838">
    <failure message="Failed to connect to binary FirefoxBinary(C:\Program Files (x86)\Mozilla Firefox\firefox.exe) on port 7055; process output follows: &#10;e DigitalPersona a sitios Web.&quot;,&quot;creator&quot;:null,&quot;homepageURL&quot;:null},{&quot;locales&quot;:[&quot;fr-FR&quot;],&quot;name&quot;:&quot;Extension DigitalPersona&quot;,&quot;description&quot;:&quot;Permet la prise en charge des ouvertures de session DigitalPersona sur des sites Web&quot;,&quot;creator&quot;:null,&quot;homepageURL&quot;:null},{&quot;locales&quot;:[&quot;it-IT&quot;],&quot;name&quot;:&quot;Estensione DigitalPersona&quot;,&quot;description&quot;:&quot;Fornisce il supporto per gli accessi di DigitalPersona ai siti Web&quot;,&quot;creator&quot;:null,&quot;homepageURL&quot;:null},{&quot;locales&quot;:[&quot;ja-JA&quot;],&quot;name&quot;:&quot;DigitalPersona æ‹¡å¼µ&quot;,&quot;description&quot;:&quot;Web ã‚µã‚¤ãƒˆã�¸ã�® DigitalPersona ãƒ­ã‚°ã‚ªãƒ³ã�®ã�Ÿã‚�ã�®ã‚µãƒ�ãƒ¼ãƒˆã‚’æ��ä¾›ã�™ã‚‹&quot;,&quot;creator&quot;:null,&quot;homepageURL&quot;:null},{&quot;locales&quot;:[&quot;ko-KO&quot;],&quot;name&quot;:&quot;DigitalPersona í™•ìž¥&quot;,&quot;description&quot;:&quot;ì›¹ ì‚¬ì�´íŠ¸ë¥¼ ìœ„í•œ DigitalPersona ë¡œê·¸ì˜¨ ì§€ì›� ì œê³µ&quot;,&quot;creator&quot;:null,&quot;homepageURL&quot;:null},{&quot;locales&quot;:[&quot;pt-BR&quot;],&quot;name&quot;:&quot;ExtensÃ£o do DigitalPersona&quot;,&quot;description&quot;:&quot;Oferece suporte aos logins do DigitalPersona em sites&quot;,&quot;creator&quot;:null,&quot;homepageURL&quot;:null},{&quot;locales&quot;:[&quot;zh-CN&quot;],&quot;name&quot;:&quot;DigitalPersona æ‰©å±•&quot;,&quot;description&quot;:&quot;ä¸º DigitalPersona ç™»å½•è‡³ Web ç«™ç‚¹æ��ä¾›æ”¯æŒ�&quot;,&quot;creator&quot;:null,&quot;homepageURL&quot;:null},{&quot;locales&quot;:[&quot;zh-TW&quot;],&quot;name&quot;:&quot;DigitalPersona å»¶ä¼¸&quot;,&quot;description&quot;:&quot;é‡�å°� DigitalPersona ç™»å…¥ç¶²ç«™æ��ä¾›æ”¯æ�´&quot;,&quot;creator&quot;:null,&quot;homepageURL&quot;:null}],&quot;targetApplications&quot;:[{&quot;id&quot;:&quot;{ec8030f7-c20a-464f-9b0e-13a3a9e97384}&quot;,&quot;minVersion&quot;:&quot;3.*&quot;,&quot;maxVersion&quot;:&quot;6.*&quot;}],&quot;targetPlatforms&quot;:[],&quot;multiprocessCompatible&quot;:false,&quot;signedState&quot;:0}&#10;1454376474841	DeferredSave.extensions.json	DEBUG	Save changes&#10;1454376474841	addons.xpi	DEBUG	Updating database with changes to installed add-ons&#10;1454376474841	addons.xpi-utils	DEBUG	Updating add-on states&#10;1454376474844	addons.xpi-utils	DEBUG	Writing add-ons list&#10;1454376474850	addons.xpi	DEBUG	Registering manifest for C:\Program Files (x86)\Mozilla Firefox\browser\extensions\{82AF8DCA-6DE9-405D-BD5E-43525BDAD38A}.xpi&#10;1454376474851	addons.xpi	DEBUG	Calling bootstrap method startup on {82AF8DCA-6DE9-405D-BD5E-43525BDAD38A} version 8.0.0.9103&#10;1454376474985	addons.manager	DEBUG	Registering shutdown blocker for XPIProvider&#10;1454376474986	addons.manager	DEBUG	Provider finished startup: XPIProvider&#10;1454376474986	addons.manager	DEBUG	Starting provider: LightweightThemeManager&#10;1454376474986	addons.manager	DEBUG	Registering shutdown blocker for LightweightThemeManager&#10;1454376474986	addons.manager	DEBUG	Provider finished startup: LightweightThemeManager&#10;1454376474986	addons.manager	DEBUG	Starting provider: GMPProvider&#10;1454376474992	addons.manager	DEBUG	Registering shutdown blocker for GMPProvider&#10;1454376474993	addons.manager	DEBUG	Provider finished startup: GMPProvider&#10;1454376474993	addons.manager	DEBUG	Starting provider: PluginProvider&#10;1454376474993	addons.manager	DEBUG	Registering shutdown blocker for PluginProvider&#10;1454376474993	addons.manager	DEBUG	Provider finished startup: PluginProvider&#10;1454376474993	addons.manager	DEBUG	Completed startup sequence&#10;1454376477814	addons.manager	DEBUG	Starting provider: &lt;unnamed-provider&gt;&#10;1454376477814	addons.manager	DEBUG	Registering shutdown blocker for &lt;unnamed-provider&gt;&#10;1454376477816	addons.manager	DEBUG	Provider finished startup: &lt;unnamed-provider&gt;&#10;1454376479194	DeferredSave.extensions.json	DEBUG	Write succeeded&#10;1454376479194	addons.xpi-utils	DEBUG	XPI Database saved, setting schema version preference to 17&#10;1454376479194	DeferredSave.extensions.json	DEBUG	Starting timer&#10;1454376479208	addons.repository	DEBUG	No addons.json found.&#10;1454376479208	DeferredSave.addons.json	DEBUG	Save changes&#10;1454376479233	DeferredSave.addons.json	DEBUG	Starting timer&#10;1454376479251	addons.manager	DEBUG	Starting provider: PreviousExperimentProvider&#10;1454376479251	addons.manager	DEBUG	Registering shutdown blocker for PreviousExperimentProvider&#10;1454376479252	addons.manager	DEBUG	Provider finished startup: PreviousExperimentProvider&#10;1454376479255	DeferredSave.extensions.json	DEBUG	Starting write&#10;1454376479280	DeferredSave.extensions.json	DEBUG	Write succeeded&#10;1454376479286	DeferredSave.addons.json	DEBUG	Starting write&#10;1454376479534	DeferredSave.addons.json	DEBUG	Write succeeded&#10;&#10;Build info: version: &apos;2.47.1&apos;, revision: &apos;unknown&apos;, time: &apos;2015-07-30 11:02:44&apos;&#10;System info: host: &apos;TASSU&apos;, ip: &apos;192.168.1.11&apos;, os.name: &apos;Windows 7&apos;, os.arch: &apos;amd64&apos;, os.version: &apos;6.1&apos;, java.version: &apos;1.8.0_40&apos;&#10;Driver info: driver.version: FirefoxDriver" type="org.openqa.selenium.WebDriverException"><![CDATA[org.openqa.selenium.WebDriverException: Failed to connect to binary FirefoxBinary(C:\Program Files (x86)\Mozilla Firefox\firefox.exe) on port 7055; process output follows: 
e DigitalPersona a sitios Web.","creator":null,"homepageURL":null},{"locales":["fr-FR"],"name":"Extension DigitalPersona","description":"Permet la prise en charge des ouvertures de session DigitalPersona sur des sites Web","creator":null,"homepageURL":null},{"locales":["it-IT"],"name":"Estensione DigitalPersona","description":"Fornisce il supporto per gli accessi di DigitalPersona ai siti Web","creator":null,"homepageURL":null},{"locales":["ja-JA"],"name":"DigitalPersona æ‹¡å¼µ","description":"Web ã‚µã‚¤ãƒˆã�¸ã�® DigitalPersona ãƒ­ã‚°ã‚ªãƒ³ã�®ã�Ÿã‚�ã�®ã‚µãƒ�ãƒ¼ãƒˆã‚’æ��ä¾›ã�™ã‚‹","creator":null,"homepageURL":null},{"locales":["ko-KO"],"name":"DigitalPersona í™•ìž¥","description":"ì›¹ ì‚¬ì�´íŠ¸ë¥¼ ìœ„í•œ DigitalPersona ë¡œê·¸ì˜¨ ì§€ì›� ì œê³µ","creator":null,"homepageURL":null},{"locales":["pt-BR"],"name":"ExtensÃ£o do DigitalPersona","description":"Oferece suporte aos logins do DigitalPersona em sites","creator":null,"homepageURL":null},{"locales":["zh-CN"],"name":"DigitalPersona æ‰©å±•","description":"ä¸º DigitalPersona ç™»å½•è‡³ Web ç«™ç‚¹æ��ä¾›æ”¯æŒ�","creator":null,"homepageURL":null},{"locales":["zh-TW"],"name":"DigitalPersona å»¶ä¼¸","description":"é‡�å°� DigitalPersona ç™»å…¥ç¶²ç«™æ��ä¾›æ”¯æ�´","creator":null,"homepageURL":null}],"targetApplications":[{"id":"{ec8030f7-c20a-464f-9b0e-13a3a9e97384}","minVersion":"3.*","maxVersion":"6.*"}],"targetPlatforms":[],"multiprocessCompatible":false,"signedState":0}
1454376474841	DeferredSave.extensions.json	DEBUG	Save changes
1454376474841	addons.xpi	DEBUG	Updating database with changes to installed add-ons
1454376474841	addons.xpi-utils	DEBUG	Updating add-on states
1454376474844	addons.xpi-utils	DEBUG	Writing add-ons list
1454376474850	addons.xpi	DEBUG	Registering manifest for C:\Program Files (x86)\Mozilla Firefox\browser\extensions\{82AF8DCA-6DE9-405D-BD5E-43525BDAD38A}.xpi
1454376474851	addons.xpi	DEBUG	Calling bootstrap method startup on {82AF8DCA-6DE9-405D-BD5E-43525BDAD38A} version 8.0.0.9103
1454376474985	addons.manager	DEBUG	Registering shutdown blocker for XPIProvider
1454376474986	addons.manager	DEBUG	Provider finished startup: XPIProvider
1454376474986	addons.manager	DEBUG	Starting provider: LightweightThemeManager
1454376474986	addons.manager	DEBUG	Registering shutdown blocker for LightweightThemeManager
1454376474986	addons.manager	DEBUG	Provider finished startup: LightweightThemeManager
1454376474986	addons.manager	DEBUG	Starting provider: GMPProvider
1454376474992	addons.manager	DEBUG	Registering shutdown blocker for GMPProvider
1454376474993	addons.manager	DEBUG	Provider finished startup: GMPProvider
1454376474993	addons.manager	DEBUG	Starting provider: PluginProvider
1454376474993	addons.manager	DEBUG	Registering shutdown blocker for PluginProvider
1454376474993	addons.manager	DEBUG	Provider finished startup: PluginProvider
1454376474993	addons.manager	DEBUG	Completed startup sequence
1454376477814	addons.manager	DEBUG	Starting provider: <unnamed-provider>
1454376477814	addons.manager	DEBUG	Registering shutdown blocker for <unnamed-provider>
1454376477816	addons.manager	DEBUG	Provider finished startup: <unnamed-provider>
1454376479194	DeferredSave.extensions.json	DEBUG	Write succeeded
1454376479194	addons.xpi-utils	DEBUG	XPI Database saved, setting schema version preference to 17
1454376479194	DeferredSave.extensions.json	DEBUG	Starting timer
1454376479208	addons.repository	DEBUG	No addons.json found.
1454376479208	DeferredSave.addons.json	DEBUG	Save changes
1454376479233	DeferredSave.addons.json	DEBUG	Starting timer
1454376479251	addons.manager	DEBUG	Starting provider: PreviousExperimentProvider
1454376479251	addons.manager	DEBUG	Registering shutdown blocker for PreviousExperimentProvider
1454376479252	addons.manager	DEBUG	Provider finished startup: PreviousExperimentProvider
1454376479255	DeferredSave.extensions.json	DEBUG	Starting write
1454376479280	DeferredSave.extensions.json	DEBUG	Write succeeded
1454376479286	DeferredSave.addons.json	DEBUG	Starting write
1454376479534	DeferredSave.addons.json	DEBUG	Write succeeded

Build info: version: '2.47.1', revision: 'unknown', time: '2015-07-30 11:02:44'
System info: host: 'TASSU', ip: '192.168.1.11', os.name: 'Windows 7', os.arch: 'amd64', os.version: '6.1', java.version: '1.8.0_40'
Driver info: driver.version: FirefoxDriver
	at org.openqa.selenium.firefox.internal.NewProfileExtensionConnection.start(NewProfileExtensionConnection.java:134)
	at org.openqa.selenium.firefox.FirefoxDriver.startClient(FirefoxDriver.java:276)
	at org.openqa.selenium.remote.RemoteWebDriver.<init>(RemoteWebDriver.java:116)
	at org.openqa.selenium.firefox.FirefoxDriver.<init>(FirefoxDriver.java:221)
	at org.openqa.selenium.firefox.FirefoxDriver.<init>(FirefoxDriver.java:216)
	at org.openqa.selenium.firefox.FirefoxDriver.<init>(FirefoxDriver.java:212)
	at org.openqa.selenium.firefox.FirefoxDriver.<init>(FirefoxDriver.java:125)
	at com.expedia.selenium.ExpediaMavenTest.utilities.AbstractTest.setUp(AbstractTest.java:43)
	at sun.reflect.NativeMethodAccessorImpl.invoke0(Native Method)
	at sun.reflect.NativeMethodAccessorImpl.invoke(NativeMethodAccessorImpl.java:62)
	at sun.reflect.DelegatingMethodAccessorImpl.invoke(DelegatingMethodAccessorImpl.java:43)
	at java.lang.reflect.Method.invoke(Method.java:497)
	at org.testng.internal.MethodInvocationHelper.invokeMethod(MethodInvocationHelper.java:85)
	at org.testng.internal.Invoker.invokeConfigurationMethod(Invoker.java:510)
	at org.testng.internal.Invoker.invokeConfigurations(Invoker.java:211)
	at org.testng.internal.Invoker.invokeConfigurations(Invoker.java:138)
	at org.testng.SuiteRunner.privateRun(SuiteRunner.java:296)
	at org.testng.SuiteRunner.run(SuiteRunner.java:259)
	at org.testng.SuiteRunnerWorker.runSuite(SuiteRunnerWorker.java:52)
	at org.testng.SuiteRunnerWorker.run(SuiteRunnerWorker.java:86)
	at org.testng.TestNG.runSuitesSequentially(TestNG.java:1185)
	at org.testng.TestNG.runSuitesLocally(TestNG.java:1110)
	at org.testng.TestNG.run(TestNG.java:1018)
	at org.apache.maven.surefire.testng.TestNGExecutor.run(TestNGExecutor.java:295)
	at org.apache.maven.surefire.testng.TestNGXmlTestSuite.execute(TestNGXmlTestSuite.java:84)
	at org.apache.maven.surefire.testng.TestNGProvider.invoke(TestNGProvider.java:90)
	at org.apache.maven.surefire.booter.ForkedBooter.invokeProviderInSameClassLoader(ForkedBooter.java:203)
	at org.apache.maven.surefire.booter.ForkedBooter.runSuitesInProcess(ForkedBooter.java:155)
	at org.apache.maven.surefire.booter.ForkedBooter.main(ForkedBooter.java:103)
Caused by: org.openqa.selenium.firefox.NotConnectedException: Unable to connect to host 127.0.0.1 on port 7055 after 45000 ms. Firefox console output:
e DigitalPersona a sitios Web.","creator":null,"homepageURL":null},{"locales":["fr-FR"],"name":"Extension DigitalPersona","description":"Permet la prise en charge des ouvertures de session DigitalPersona sur des sites Web","creator":null,"homepageURL":null},{"locales":["it-IT"],"name":"Estensione DigitalPersona","description":"Fornisce il supporto per gli accessi di DigitalPersona ai siti Web","creator":null,"homepageURL":null},{"locales":["ja-JA"],"name":"DigitalPersona æ‹¡å¼µ","description":"Web ã‚µã‚¤ãƒˆã�¸ã�® DigitalPersona ãƒ­ã‚°ã‚ªãƒ³ã�®ã�Ÿã‚�ã�®ã‚µãƒ�ãƒ¼ãƒˆã‚’æ��ä¾›ã�™ã‚‹","creator":null,"homepageURL":null},{"locales":["ko-KO"],"name":"DigitalPersona í™•ìž¥","description":"ì›¹ ì‚¬ì�´íŠ¸ë¥¼ ìœ„í•œ DigitalPersona ë¡œê·¸ì˜¨ ì§€ì›� ì œê³µ","creator":null,"homepageURL":null},{"locales":["pt-BR"],"name":"ExtensÃ£o do DigitalPersona","description":"Oferece suporte aos logins do DigitalPersona em sites","creator":null,"homepageURL":null},{"locales":["zh-CN"],"name":"DigitalPersona æ‰©å±•","description":"ä¸º DigitalPersona ç™»å½•è‡³ Web ç«™ç‚¹æ��ä¾›æ”¯æŒ�","creator":null,"homepageURL":null},{"locales":["zh-TW"],"name":"DigitalPersona å»¶ä¼¸","description":"é‡�å°� DigitalPersona ç™»å…¥ç¶²ç«™æ��ä¾›æ”¯æ�´","creator":null,"homepageURL":null}],"targetApplications":[{"id":"{ec8030f7-c20a-464f-9b0e-13a3a9e97384}","minVersion":"3.*","maxVersion":"6.*"}],"targetPlatforms":[],"multiprocessCompatible":false,"signedState":0}
1454376474841	DeferredSave.extensions.json	DEBUG	Save changes
1454376474841	addons.xpi	DEBUG	Updating database with changes to installed add-ons
1454376474841	addons.xpi-utils	DEBUG	Updating add-on states
1454376474844	addons.xpi-utils	DEBUG	Writing add-ons list
1454376474850	addons.xpi	DEBUG	Registering manifest for C:\Program Files (x86)\Mozilla Firefox\browser\extensions\{82AF8DCA-6DE9-405D-BD5E-43525BDAD38A}.xpi
1454376474851	addons.xpi	DEBUG	Calling bootstrap method startup on {82AF8DCA-6DE9-405D-BD5E-43525BDAD38A} version 8.0.0.9103
1454376474985	addons.manager	DEBUG	Registering shutdown blocker for XPIProvider
1454376474986	addons.manager	DEBUG	Provider finished startup: XPIProvider
1454376474986	addons.manager	DEBUG	Starting provider: LightweightThemeManager
1454376474986	addons.manager	DEBUG	Registering shutdown blocker for LightweightThemeManager
1454376474986	addons.manager	DEBUG	Provider finished startup: LightweightThemeManager
1454376474986	addons.manager	DEBUG	Starting provider: GMPProvider
1454376474992	addons.manager	DEBUG	Registering shutdown blocker for GMPProvider
1454376474993	addons.manager	DEBUG	Provider finished startup: GMPProvider
1454376474993	addons.manager	DEBUG	Starting provider: PluginProvider
1454376474993	addons.manager	DEBUG	Registering shutdown blocker for PluginProvider
1454376474993	addons.manager	DEBUG	Provider finished startup: PluginProvider
1454376474993	addons.manager	DEBUG	Completed startup sequence
1454376477814	addons.manager	DEBUG	Starting provider: <unnamed-provider>
1454376477814	addons.manager	DEBUG	Registering shutdown blocker for <unnamed-provider>
1454376477816	addons.manager	DEBUG	Provider finished startup: <unnamed-provider>
1454376479194	DeferredSave.extensions.json	DEBUG	Write succeeded
1454376479194	addons.xpi-utils	DEBUG	XPI Database saved, setting schema version preference to 17
1454376479194	DeferredSave.extensions.json	DEBUG	Starting timer
1454376479208	addons.repository	DEBUG	No addons.json found.
1454376479208	DeferredSave.addons.json	DEBUG	Save changes
1454376479233	DeferredSave.addons.json	DEBUG	Starting timer
1454376479251	addons.manager	DEBUG	Starting provider: PreviousExperimentProvider
1454376479251	addons.manager	DEBUG	Registering shutdown blocker for PreviousExperimentProvider
1454376479252	addons.manager	DEBUG	Provider finished startup: PreviousExperimentProvider
1454376479255	DeferredSave.extensions.json	DEBUG	Starting write
1454376479280	DeferredSave.extensions.json	DEBUG	Write succeeded
1454376479286	DeferredSave.addons.json	DEBUG	Starting write
1454376479534	DeferredSave.addons.json	DEBUG	Write succeeded

	at org.openqa.selenium.firefox.internal.NewProfileExtensionConnection.start(NewProfileExtensionConnection.java:122)
	at org.openqa.selenium.firefox.FirefoxDriver.startClient(FirefoxDriver.java:276)
	at org.openqa.selenium.remote.RemoteWebDriver.<init>(RemoteWebDriver.java:116)
	at org.openqa.selenium.firefox.FirefoxDriver.<init>(FirefoxDriver.java:221)
	at org.openqa.selenium.firefox.FirefoxDriver.<init>(FirefoxDriver.java:216)
	at org.openqa.selenium.firefox.FirefoxDriver.<init>(FirefoxDriver.java:212)
	at org.openqa.selenium.firefox.FirefoxDriver.<init>(FirefoxDriver.java:125)
	at com.expedia.selenium.ExpediaMavenTest.utilities.AbstractTest.setUp(AbstractTest.java:43)
	at sun.reflect.NativeMethodAccessorImpl.invoke0(Native Method)
	at sun.reflect.NativeMethodAccessorImpl.invoke(NativeMethodAccessorImpl.java:62)
	at sun.reflect.DelegatingMethodAccessorImpl.invoke(DelegatingMethodAccessorImpl.java:43)
	at java.lang.reflect.Method.invoke(Method.java:497)
	at org.testng.internal.MethodInvocationHelper.invokeMethod(MethodInvocationHelper.java:85)
	at org.testng.internal.Invoker.invokeConfigurationMethod(Invoker.java:510)
	at org.testng.internal.Invoker.invokeConfigurations(Invoker.java:211)
	at org.testng.internal.Invoker.invokeConfigurations(Invoker.java:138)
	at org.testng.SuiteRunner.privateRun(SuiteRunner.java:296)
	at org.testng.SuiteRunner.run(SuiteRunner.java:259)
	at org.testng.SuiteRunnerWorker.runSuite(SuiteRunnerWorker.java:52)
	at org.testng.SuiteRunnerWorker.run(SuiteRunnerWorker.java:86)
	at org.testng.TestNG.runSuitesSequentially(TestNG.java:1185)
	at org.testng.TestNG.runSuitesLocally(TestNG.java:1110)
	at org.testng.TestNG.run(TestNG.java:1018)
	at org.apache.maven.surefire.testng.TestNGExecutor.run(TestNGExecutor.java:295)
	at org.apache.maven.surefire.testng.TestNGXmlTestSuite.execute(TestNGXmlTestSuite.java:84)
	at org.apache.maven.surefire.testng.TestNGProvider.invoke(TestNGProvider.java:90)
	at org.apache.maven.surefire.booter.ForkedBooter.invokeProviderInSameClassLoader(ForkedBooter.java:203)
	at org.apache.maven.surefire.booter.ForkedBooter.runSuitesInProcess(ForkedBooter.java:155)
	at org.apache.maven.surefire.booter.ForkedBooter.main(ForkedBooter.java:103)
]]></failure>
    <system-err><![CDATA[org.openqa.selenium.firefox.NotConnectedException: Unable to connect to host 127.0.0.1 on port 7055 after 45000 ms. Firefox console output:
e DigitalPersona a sitios Web.","creator":null,"homepageURL":null},{"locales":["fr-FR"],"name":"Extension DigitalPersona","description":"Permet la prise en charge des ouvertures de session DigitalPersona sur des sites Web","creator":null,"homepageURL":null},{"locales":["it-IT"],"name":"Estensione DigitalPersona","description":"Fornisce il supporto per gli accessi di DigitalPersona ai siti Web","creator":null,"homepageURL":null},{"locales":["ja-JA"],"name":"DigitalPersona æ‹¡å¼µ","description":"Web ã‚µã‚¤ãƒˆã?¸ã?® DigitalPersona ãƒ­ã‚°ã‚ªãƒ³ã?®ã?Ÿã‚?ã?®ã‚µãƒ?ãƒ¼ãƒˆã‚’æ??ä¾›ã?™ã‚‹","creator":null,"homepageURL":null},{"locales":["ko-KO"],"name":"DigitalPersona í™•ìž¥","description":"ì›¹ ì‚¬ì?´íŠ¸ë¥¼ ìœ„í•œ DigitalPersona ë¡œê·¸ì˜¨ ì§€ì›? ì œê³µ","creator":null,"homepageURL":null},{"locales":["pt-BR"],"name":"ExtensÃ£o do DigitalPersona","description":"Oferece suporte aos logins do DigitalPersona em sites","creator":null,"homepageURL":null},{"locales":["zh-CN"],"name":"DigitalPersona æ‰©å±•","description":"ä¸º DigitalPersona ç™»å½•è‡³ Web ç«™ç‚¹æ??ä¾›æ”¯æŒ?","creator":null,"homepageURL":null},{"locales":["zh-TW"],"name":"DigitalPersona å»¶ä¼¸","description":"é‡?å°? DigitalPersona ç™»å…¥ç¶²ç«™æ??ä¾›æ”¯æ?´","creator":null,"homepageURL":null}],"targetApplications":[{"id":"{ec8030f7-c20a-464f-9b0e-13a3a9e97384}","minVersion":"3.*","maxVersion":"6.*"}],"targetPlatforms":[],"multiprocessCompatible":false,"signedState":0}
1454376474841	DeferredSave.extensions.json	DEBUG	Save changes
1454376474841	addons.xpi	DEBUG	Updating database with changes to installed add-ons
1454376474841	addons.xpi-utils	DEBUG	Updating add-on states
1454376474844	addons.xpi-utils	DEBUG	Writing add-ons list
1454376474850	addons.xpi	DEBUG	Registering manifest for C:\Program Files (x86)\Mozilla Firefox\browser\extensions\{82AF8DCA-6DE9-405D-BD5E-43525BDAD38A}.xpi
1454376474851	addons.xpi	DEBUG	Calling bootstrap method startup on {82AF8DCA-6DE9-405D-BD5E-43525BDAD38A} version 8.0.0.9103
1454376474985	addons.manager	DEBUG	Registering shutdown blocker for XPIProvider
1454376474986	addons.manager	DEBUG	Provider finished startup: XPIProvider
1454376474986	addons.manager	DEBUG	Starting provider: LightweightThemeManager
1454376474986	addons.manager	DEBUG	Registering shutdown blocker for LightweightThemeManager
1454376474986	addons.manager	DEBUG	Provider finished startup: LightweightThemeManager
1454376474986	addons.manager	DEBUG	Starting provider: GMPProvider
1454376474992	addons.manager	DEBUG	Registering shutdown blocker for GMPProvider
1454376474993	addons.manager	DEBUG	Provider finished startup: GMPProvider
1454376474993	addons.manager	DEBUG	Starting provider: PluginProvider
1454376474993	addons.manager	DEBUG	Registering shutdown blocker for PluginProvider
1454376474993	addons.manager	DEBUG	Provider finished startup: PluginProvider
1454376474993	addons.manager	DEBUG	Completed startup sequence
1454376477814	addons.manager	DEBUG	Starting provider: <unnamed-provider>
1454376477814	addons.manager	DEBUG	Registering shutdown blocker for <unnamed-provider>
1454376477816	addons.manager	DEBUG	Provider finished startup: <unnamed-provider>
1454376479194	DeferredSave.extensions.json	DEBUG	Write succeeded
1454376479194	addons.xpi-utils	DEBUG	XPI Database saved, setting schema version preference to 17
1454376479194	DeferredSave.extensions.json	DEBUG	Starting timer
1454376479208	addons.repository	DEBUG	No addons.json found.
1454376479208	DeferredSave.addons.json	DEBUG	Save changes
1454376479233	DeferredSave.addons.json	DEBUG	Starting timer
1454376479251	addons.manager	DEBUG	Starting provider: PreviousExperimentProvider
1454376479251	addons.manager	DEBUG	Registering shutdown blocker for PreviousExperimentProvider
1454376479252	addons.manager	DEBUG	Provider finished startup: PreviousExperimentProvider
1454376479255	DeferredSave.extensions.json	DEBUG	Starting write
1454376479280	DeferredSave.extensions.json	DEBUG	Write succeeded
1454376479286	DeferredSave.addons.json	DEBUG	Starting write
1454376479534	DeferredSave.addons.json	DEBUG	Write succeeded

	at org.openqa.selenium.firefox.internal.NewProfileExtensionConnection.start(NewProfileExtensionConnection.java:122)
	at org.openqa.selenium.firefox.FirefoxDriver.startClient(FirefoxDriver.java:276)
	at org.openqa.selenium.remote.RemoteWebDriver.<init>(RemoteWebDriver.java:116)
	at org.openqa.selenium.firefox.FirefoxDriver.<init>(FirefoxDriver.java:221)
	at org.openqa.selenium.firefox.FirefoxDriver.<init>(FirefoxDriver.java:216)
	at org.openqa.selenium.firefox.FirefoxDriver.<init>(FirefoxDriver.java:212)
	at org.openqa.selenium.firefox.FirefoxDriver.<init>(FirefoxDriver.java:125)
	at com.expedia.selenium.ExpediaMavenTest.utilities.AbstractTest.setUp(AbstractTest.java:43)
	at sun.reflect.NativeMethodAccessorImpl.invoke0(Native Method)
	at sun.reflect.NativeMethodAccessorImpl.invoke(NativeMethodAccessorImpl.java:62)
	at sun.reflect.DelegatingMethodAccessorImpl.invoke(DelegatingMethodAccessorImpl.java:43)
	at java.lang.reflect.Method.invoke(Method.java:497)
	at org.testng.internal.MethodInvocationHelper.invokeMethod(MethodInvocationHelper.java:85)
	at org.testng.internal.Invoker.invokeConfigurationMethod(Invoker.java:510)
	at org.testng.internal.Invoker.invokeConfigurations(Invoker.java:211)
	at org.testng.internal.Invoker.invokeConfigurations(Invoker.java:138)
	at org.testng.SuiteRunner.privateRun(SuiteRunner.java:296)
	at org.testng.SuiteRunner.run(SuiteRunner.java:259)
	at org.testng.SuiteRunnerWorker.runSuite(SuiteRunnerWorker.java:52)
	at org.testng.SuiteRunnerWorker.run(SuiteRunnerWorker.java:86)
	at org.testng.TestNG.runSuitesSequentially(TestNG.java:1185)
	at org.testng.TestNG.runSuitesLocally(TestNG.java:1110)
	at org.testng.TestNG.run(TestNG.java:1018)
	at org.apache.maven.surefire.testng.TestNGExecutor.run(TestNGExecutor.java:295)
	at org.apache.maven.surefire.testng.TestNGXmlTestSuite.execute(TestNGXmlTestSuite.java:84)
	at org.apache.maven.surefire.testng.TestNGProvider.invoke(TestNGProvider.java:90)
	at org.apache.maven.surefire.booter.ForkedBooter.invokeProviderInSameClassLoader(ForkedBooter.java:203)
	at org.apache.maven.surefire.booter.ForkedBooter.runSuitesInProcess(ForkedBooter.java:155)
	at org.apache.maven.surefire.booter.ForkedBooter.main(ForkedBooter.java:103)
Feb 01, 2016 8:28:36 PM org.openqa.selenium.os.ProcessUtils killWinProcess
WARNING: Process refused to die after 10 seconds, and couldn't taskkill it
java.lang.NullPointerException: Unable to find executable for: taskkill
	at com.google.common.base.Preconditions.checkNotNull(Preconditions.java:253)
	at org.openqa.selenium.os.UnixProcess.<init>(UnixProcess.java:62)
	at org.openqa.selenium.os.CommandLine.<init>(CommandLine.java:38)
	at org.openqa.selenium.os.WindowsUtils.killPID(WindowsUtils.java:172)
	at org.openqa.selenium.os.ProcessUtils.killWinProcess(ProcessUtils.java:138)
	at org.openqa.selenium.os.ProcessUtils.killProcess(ProcessUtils.java:81)
	at org.openqa.selenium.os.UnixProcess$SeleniumWatchDog.destroyHarder(UnixProcess.java:247)
	at org.openqa.selenium.os.UnixProcess$SeleniumWatchDog.access$200(UnixProcess.java:201)
	at org.openqa.selenium.os.UnixProcess.destroy(UnixProcess.java:125)
	at org.openqa.selenium.os.CommandLine.destroy(CommandLine.java:153)
	at org.openqa.selenium.firefox.FirefoxBinary.quit(FirefoxBinary.java:259)
	at org.openqa.selenium.firefox.internal.NewProfileExtensionConnection.quit(NewProfileExtensionConnection.java:204)
	at org.openqa.selenium.firefox.FirefoxDriver$LazyCommandExecutor.quit(FirefoxDriver.java:377)
	at org.openqa.selenium.firefox.FirefoxDriver.stopClient(FirefoxDriver.java:323)
	at org.openqa.selenium.remote.RemoteWebDriver.<init>(RemoteWebDriver.java:119)
	at org.openqa.selenium.firefox.FirefoxDriver.<init>(FirefoxDriver.java:221)
	at org.openqa.selenium.firefox.FirefoxDriver.<init>(FirefoxDriver.java:216)
	at org.openqa.selenium.firefox.FirefoxDriver.<init>(FirefoxDriver.java:212)
	at org.openqa.selenium.firefox.FirefoxDriver.<init>(FirefoxDriver.java:125)
	at com.expedia.selenium.ExpediaMavenTest.utilities.AbstractTest.setUp(AbstractTest.java:43)
	at sun.reflect.NativeMethodAccessorImpl.invoke0(Native Method)
	at sun.reflect.NativeMethodAccessorImpl.invoke(NativeMethodAccessorImpl.java:62)
	at sun.reflect.DelegatingMethodAccessorImpl.invoke(DelegatingMethodAccessorImpl.java:43)
	at java.lang.reflect.Method.invoke(Method.java:497)
	at org.testng.internal.MethodInvocationHelper.invokeMethod(MethodInvocationHelper.java:85)
	at org.testng.internal.Invoker.invokeConfigurationMethod(Invoker.java:510)
	at org.testng.internal.Invoker.invokeConfigurations(Invoker.java:211)
	at org.testng.internal.Invoker.invokeConfigurations(Invoker.java:138)
	at org.testng.SuiteRunner.privateRun(SuiteRunner.java:296)
	at org.testng.SuiteRunner.run(SuiteRunner.java:259)
	at org.testng.SuiteRunnerWorker.runSuite(SuiteRunnerWorker.java:52)
	at org.testng.SuiteRunnerWorker.run(SuiteRunnerWorker.java:86)
	at org.testng.TestNG.runSuitesSequentially(TestNG.java:1185)
	at org.testng.TestNG.runSuitesLocally(TestNG.java:1110)
	at org.testng.TestNG.run(TestNG.java:1018)
	at org.apache.maven.surefire.testng.TestNGExecutor.run(TestNGExecutor.java:295)
	at org.apache.maven.surefire.testng.TestNGXmlTestSuite.execute(TestNGXmlTestSuite.java:84)
	at org.apache.maven.surefire.testng.TestNGProvider.invoke(TestNGProvider.java:90)
	at org.apache.maven.surefire.booter.ForkedBooter.invokeProviderInSameClassLoader(ForkedBooter.java:203)
	at org.apache.maven.surefire.booter.ForkedBooter.runSuitesInProcess(ForkedBooter.java:155)
	at org.apache.maven.surefire.booter.ForkedBooter.main(ForkedBooter.java:103)

]]></system-err>
  </testcase>
  <testcase name="flightRoundTrip" classname="com.expedia.selenium.ExpediaMavenTest.TS001_TC001_VerifyRoundTrip" time="0">
    <skipped/>
  </testcase>
  <testcase name="handleScreenShot" classname="com.expedia.selenium.ExpediaMavenTest.TS001_TC001_VerifyRoundTrip" time="0">
    <skipped/>
  </testcase>
  <testcase name="navigateToHome" classname="com.expedia.selenium.ExpediaMavenTest.TS001_TC001_VerifyRoundTrip" time="0">
    <skipped/>
  </testcase>
  <testcase name="flightRoundTripWtPrefAirlines" classname="com.expedia.selenium.ExpediaMavenTest.TS001_TC002_VerifyRoundTripWtPreferredAirlines" time="0">
    <skipped/>
  </testcase>
  <testcase name="handleScreenShot" classname="com.expedia.selenium.ExpediaMavenTest.TS001_TC002_VerifyRoundTripWtPreferredAirlines" time="0">
    <skipped/>
  </testcase>
  <testcase name="navigateToHome" classname="com.expedia.selenium.ExpediaMavenTest.TS001_TC002_VerifyRoundTripWtPreferredAirlines" time="0">
    <skipped/>
  </testcase>
  <testcase name="closeBrowser" classname="com.expedia.selenium.ExpediaMavenTest.TS001_TC001_VerifyRoundTrip" time="0.124">
    <failure type="java.lang.NullPointerException:">java.lang.NullPointerException: null
	at com.expedia.selenium.ExpediaMavenTest.utilities.AbstractTest.closeBrowser(AbstractTest.java:67)
	at sun.reflect.NativeMethodAccessorImpl.invoke0(Native Method)
	at sun.reflect.NativeMethodAccessorImpl.invoke(NativeMethodAccessorImpl.java:62)
	at sun.reflect.DelegatingMethodAccessorImpl.invoke(DelegatingMethodAccessorImpl.java:43)
	at java.lang.reflect.Method.invoke(Method.java:497)
	at org.testng.internal.MethodInvocationHelper.invokeMethod(MethodInvocationHelper.java:85)
	at org.testng.internal.Invoker.invokeConfigurationMethod(Invoker.java:510)
	at org.testng.internal.Invoker.invokeConfigurations(Invoker.java:211)
	at org.testng.internal.Invoker.invokeConfigurations(Invoker.java:138)
	at org.testng.SuiteRunner.privateRun(SuiteRunner.java:327)
	at org.testng.SuiteRunner.run(SuiteRunner.java:259)
	at org.testng.SuiteRunnerWorker.runSuite(SuiteRunnerWorker.java:52)
	at org.testng.SuiteRunnerWorker.run(SuiteRunnerWorker.java:86)
	at org.testng.TestNG.runSuitesSequentially(TestNG.java:1185)
	at org.testng.TestNG.runSuitesLocally(TestNG.java:1110)
	at org.testng.TestNG.run(TestNG.java:1018)
	at org.apache.maven.surefire.testng.TestNGExecutor.run(TestNGExecutor.java:295)
	at org.apache.maven.surefire.testng.TestNGXmlTestSuite.execute(TestNGXmlTestSuite.java:84)
	at org.apache.maven.surefire.testng.TestNGProvider.invoke(TestNGProvider.java:90)
	at org.apache.maven.surefire.booter.ForkedBooter.invokeProviderInSameClassLoader(ForkedBooter.java:203)
	at org.apache.maven.surefire.booter.ForkedBooter.runSuitesInProcess(ForkedBooter.java:155)
	at org.apache.maven.surefire.booter.ForkedBooter.main(ForkedBooter.java:103)
</failure>
  </testcase>
</testsuite>